<?xml version="1.0" encoding="UTF-8"?>
<!-- Generated by org.testng.reporters.JUnitXMLReporter -->
<testsuite ignored="0" hostname="IN-PF2RSDYR" failures="2" tests="6" name="Test" time="42.091" errors="0" timestamp="2024-02-25T16:18:32 IST">
  <testcase classname="Tests.RetryTest" name="login" time="7.399">
    <skipped/>
  </testcase> <!-- login -->
  <testcase classname="Tests.RetryTest" name="login" time="6.736">
    <skipped/>
  </testcase> <!-- login -->
  <testcase classname="Tests.RetryTest" name="login" time="7.247">
    <failure type="java.lang.AssertionError" message="expected [Gogle] but found [Google]">
      <![CDATA[java.lang.AssertionError: expected [Gogle] but found [Google]
at Tests.RetryTest.login(RetryTest.java:30)
at java.base/java.util.ArrayList.forEach(ArrayList.java:1511)
... Removed 33 stack frames]]>
    </failure>
  </testcase> <!-- login -->
  <testcase classname="Tests.RetryTest" name="login1" time="7.004">
    <skipped/>
  </testcase> <!-- login1 -->
  <testcase classname="Tests.RetryTest" name="login1" time="6.872">
    <skipped/>
  </testcase> <!-- login1 -->
  <testcase classname="Tests.RetryTest" name="login1" time="6.752">
    <failure type="java.lang.AssertionError" message="expected [Gogle] but found [Google]">
      <![CDATA[java.lang.AssertionError: expected [Gogle] but found [Google]
at Tests.RetryTest.login1(RetryTest.java:53)
at java.base/java.util.ArrayList.forEach(ArrayList.java:1511)
... Removed 33 stack frames]]>
    </failure>
  </testcase> <!-- login1 -->
</testsuite> <!-- Test -->
